U 1746447443.495
N 1746447444.1
U 1746447444.108
U 1746447444.116
U 1746447504.121
N 1746447504.74
U 1746447504.755
U 1746447504.766
U 1746447564.77
N 1746447565.341
U 1746447565.347
U 1746447565.355
U 1746447625.36
N 1746447625.943
U 1746447625.949
U 1746447625.959
U 1746447685.964
N 1746447686.666
U 1746447686.674
U 1746447686.686
U 1746447746.69
N 1746447747.298
U 1746447747.306
U 1746447747.314
U 1746447807.32
N 1746447808.057
U 1746447808.064
U 1746447808.072
U 1746447868.082
N 1746447868.684
U 1746447868.691
U 1746447868.699
U 1746447928.707
N 1746447929.277
U 1746447929.284
U 1746447929.293
U 1746447989.299
N 1746447990.047
U 1746447990.056
U 1746447990.065
U 1746448050.069
N 1746448050.644
U 1746448050.653
U 1746448050.663
U 1746448110.667
N 1746448111.354
U 1746448111.363
U 1746448111.372
U 1746448171.378
N 1746448172.039
U 1746448172.047
U 1746448172.054
U 1746448232.061
N 1746448232.644
U 1746448232.651
U 1746448232.659
U 1746448292.665
N 1746448293.243
U 1746448293.251
U 1746448293.26
